2024.07.28 20:56:07 INFO  Started: Metals version 1.3.4 in folders '/home/wen-jiu/my_ysyx_project/ysyx-workbench/ysyxSoC' for client Visual Studio Code 1.91.1.
SLF4J(W): Class path contains multiple SLF4J providers.
SLF4J(W): Found provider [scribe.slf4j.ScribeServiceProvider@1d2bf85f]
SLF4J(W): Found provider [ch.qos.logback.classic.spi.LogbackServiceProvider@9a95c3a]
SLF4J(W): See https://www.slf4j.org/codes.html#multiple_bindings for an explanation.
SLF4J(I): Actual provider is of type [scribe.slf4j.ScribeServiceProvider@1d2bf85f]
2024.07.28 20:56:07 WARN  Flyway upgrade recommended: H2 2.3.230 is newer than this version of Flyway and support has not been tested. The latest supported version of H2 is 2.2.220.
2024.07.28 21:01:03 ERROR Unexpected error initializing server: 
org.eclipse.lsp4j.jsonrpc.ResponseErrorException: Request window/showMessageRequest failed with message: Canceled
	at org.eclipse.lsp4j.jsonrpc.RemoteEndpoint.handleResponse(RemoteEndpoint.java:220)
	at org.eclipse.lsp4j.jsonrpc.RemoteEndpoint.consume(RemoteEndpoint.java:204)
	at org.eclipse.lsp4j.jsonrpc.json.StreamMessageProducer.handleMessage(StreamMessageProducer.java:185)
	at org.eclipse.lsp4j.jsonrpc.json.StreamMessageProducer.listen(StreamMessageProducer.java:97)
	at org.eclipse.lsp4j.jsonrpc.json.ConcurrentMessageProcessor.run(ConcurrentMessageProcessor.java:114)
	at java.util.concurrent.Executors$RunnableAdapter.call(Executors.java:539)
	at java.util.concurrent.FutureTask.run(FutureTask.java:264)
	at java.util.concurrent.ThreadPoolExecutor.runWorker(ThreadPoolExecutor.java:1136)
	at java.util.concurrent.ThreadPoolExecutor$Worker.run(ThreadPoolExecutor.java:635)
	at java.lang.Thread.run(Thread.java:840)

Jul 28, 2024 10:01:41 PM org.eclipse.lsp4j.jsonrpc.services.GenericEndpoint notify
INFO: Unsupported notification method: $/setTrace
Jul 28, 2024 10:01:41 PM org.eclipse.lsp4j.jsonrpc.services.GenericEndpoint notify
INFO: Unsupported notification method: $/setTrace
Jul 28, 2024 10:01:56 PM org.eclipse.lsp4j.jsonrpc.services.GenericEndpoint notify
INFO: Unsupported notification method: $/setTrace
Jul 28, 2024 10:02:04 PM org.eclipse.lsp4j.jsonrpc.services.GenericEndpoint notify
INFO: Unsupported notification method: $/setTrace
Jul 28, 2024 10:02:04 PM org.eclipse.lsp4j.jsonrpc.services.GenericEndpoint notify
INFO: Unsupported notification method: $/setTrace
Jul 28, 2024 10:02:04 PM org.eclipse.lsp4j.jsonrpc.services.GenericEndpoint notify
INFO: Unsupported notification method: $/setTrace
2024.07.29 01:03:25 INFO  Shutting down server
2024.07.29 01:03:25 INFO  shutting down Metals
2024.07.29 01:03:25 INFO  Exiting server
2024.08.09 21:13:45 INFO  Started: Metals version 1.3.5 in folders '/home/wen-jiu/my_ysyx_project/ysyx-workbench/ysyxSoC' for client Visual Studio Code 1.91.1.
SLF4J(W): Class path contains multiple SLF4J providers.
SLF4J(W): Found provider [scribe.slf4j.ScribeServiceProvider@8849337]
SLF4J(W): Found provider [ch.qos.logback.classic.spi.LogbackServiceProvider@34e92afd]
SLF4J(W): See https://www.slf4j.org/codes.html#multiple_bindings for an explanation.
SLF4J(I): Actual provider is of type [scribe.slf4j.ScribeServiceProvider@8849337]
2024.08.09 21:13:46 WARN  Flyway upgrade recommended: H2 2.3.230 is newer than this version of Flyway and support has not been tested. The latest supported version of H2 is 2.2.220.
2024.08.09 21:28:36 INFO  Started: Metals version 1.3.5 in folders '/home/wen-jiu/my_ysyx_project/ysyx-workbench/ysyxSoC' for client Visual Studio Code 1.92.1.
SLF4J(W): Class path contains multiple SLF4J providers.
SLF4J(W): Found provider [scribe.slf4j.ScribeServiceProvider@5f4809e]
SLF4J(W): Found provider [ch.qos.logback.classic.spi.LogbackServiceProvider@a2ba7c9]
SLF4J(W): See https://www.slf4j.org/codes.html#multiple_bindings for an explanation.
SLF4J(I): Actual provider is of type [scribe.slf4j.ScribeServiceProvider@5f4809e]
2024.08.09 21:28:37 WARN  Flyway upgrade recommended: H2 2.3.230 is newer than this version of Flyway and support has not been tested. The latest supported version of H2 is 2.2.220.
2024.08.09 21:41:45 INFO  Shutting down server
2024.08.09 21:41:45 INFO  shutting down Metals
2024.08.09 21:41:45 INFO  Exiting server
2024.08.12 14:42:30 INFO  Started: Metals version 1.3.5 in folders '/home/wen-jiu/my_ysyx_project/ysyx-workbench/ysyxSoC' for client Visual Studio Code 1.92.1.
Aug 12, 2024 2:42:31 PM org.eclipse.lsp4j.jsonrpc.services.GenericEndpoint notify
INFO: Unsupported notification method: $/setTrace
Aug 12, 2024 2:42:31 PM org.eclipse.lsp4j.jsonrpc.services.GenericEndpoint notify
INFO: Unsupported notification method: $/setTrace
SLF4J(W): Class path contains multiple SLF4J providers.
SLF4J(W): Found provider [scribe.slf4j.ScribeServiceProvider@19a824c6]
SLF4J(W): Found provider [ch.qos.logback.classic.spi.LogbackServiceProvider@258ebba2]
SLF4J(W): See https://www.slf4j.org/codes.html#multiple_bindings for an explanation.
SLF4J(I): Actual provider is of type [scribe.slf4j.ScribeServiceProvider@19a824c6]
2024.08.12 14:42:31 WARN  Flyway upgrade recommended: H2 2.3.230 is newer than this version of Flyway and support has not been tested. The latest supported version of H2 is 2.2.220.
2024.08.12 15:03:43 INFO  Started: Metals version 1.3.5 in folders '/home/wen-jiu/my_ysyx_project/ysyx-workbench/ysyxSoC' for client Visual Studio Code 1.92.1.
SLF4J(W): Class path contains multiple SLF4J providers.
SLF4J(W): Found provider [scribe.slf4j.ScribeServiceProvider@abb1172]
SLF4J(W): Found provider [ch.qos.logback.classic.spi.LogbackServiceProvider@62a25882]
SLF4J(W): See https://www.slf4j.org/codes.html#multiple_bindings for an explanation.
SLF4J(I): Actual provider is of type [scribe.slf4j.ScribeServiceProvider@abb1172]
2024.08.12 15:03:43 WARN  Flyway upgrade recommended: H2 2.3.230 is newer than this version of Flyway and support has not been tested. The latest supported version of H2 is 2.2.220.
2024.10.31 21:15:42 INFO  Started: Metals version 1.4.0 in folders '/home/wenjiu/ysyx-workbench/ysyxSoC' for client Visual Studio Code 1.95.0.[0m
2024.10.31 21:15:42 WARN  Flyway upgrade recommended: H2 2.3.232 is newer than this version of Flyway and support has not been tested. The latest supported version of H2 is 2.2.224.[0m
2024.10.31 21:15:42 INFO  skipping build import with status 'Dismissed'[0m
2024.10.31 21:15:48 INFO  no build target found for /home/wenjiu/ysyx-workbench/ysyxSoC/src/SoC.scala. Using presentation compiler with project's scala-library version: 3.3.4[0m
2024.10.31 21:15:48 INFO  no build target found for /home/wenjiu/ysyx-workbench/ysyxSoC/src/SoC.scala. Using presentation compiler with project's scala-library version: 3.3.4[0m
2024.10.31 21:15:48 INFO  no build target found for /home/wenjiu/ysyx-workbench/ysyxSoC/src/SoC.scala. Using presentation compiler with project's scala-library version: 3.3.4[0m
2024.10.31 21:15:48 INFO  no build target found for /home/wenjiu/ysyx-workbench/ysyxSoC/src/SoC.scala. Using presentation compiler with project's scala-library version: 3.3.4[0m
2024.10.31 21:15:48 INFO  no build target found for /home/wenjiu/ysyx-workbench/ysyxSoC/src/SoC.scala. Using presentation compiler with project's scala-library version: 3.3.4[0m
2024.10.31 21:15:49 INFO  time: code lens generation in 1.12s[0m
2024.10.31 21:15:56 INFO  no build target found for /home/wenjiu/ysyx-workbench/ysyxSoC/src/SoC.scala. Using presentation compiler with project's scala-library version: 3.3.4[0m
2024.10.31 21:15:59 INFO  no build target found for /home/wenjiu/ysyx-workbench/ysyxSoC/src/SoC.scala. Using presentation compiler with project's scala-library version: 3.3.4[0m
2024.10.31 21:15:59 INFO  no build target found for /home/wenjiu/ysyx-workbench/ysyxSoC/src/SoC.scala. Using presentation compiler with project's scala-library version: 3.3.4[0m
2024.10.31 21:15:59 INFO  no build target found for /home/wenjiu/ysyx-workbench/ysyxSoC/src/SoC.scala. Using presentation compiler with project's scala-library version: 3.3.4[0m
2024.10.31 21:15:59 INFO  no build target found for /home/wenjiu/ysyx-workbench/ysyxSoC/src/SoC.scala. Using presentation compiler with project's scala-library version: 3.3.4[0m
2024.10.31 21:15:59 INFO  no build target found for /home/wenjiu/ysyx-workbench/ysyxSoC/src/SoC.scala. Using presentation compiler with project's scala-library version: 3.3.4[0m
2024.10.31 21:16:02 INFO  no build target found for /home/wenjiu/ysyx-workbench/ysyxSoC/src/SoC.scala. Using presentation compiler with project's scala-library version: 3.3.4[0m
2024.10.31 21:16:02 INFO  no build target found for /home/wenjiu/ysyx-workbench/ysyxSoC/src/SoC.scala. Using presentation compiler with project's scala-library version: 3.3.4[0m
2024.10.31 21:16:02 INFO  no build target found for /home/wenjiu/ysyx-workbench/ysyxSoC/src/SoC.scala. Using presentation compiler with project's scala-library version: 3.3.4[0m
2024.10.31 21:16:02 INFO  no build target found for /home/wenjiu/ysyx-workbench/ysyxSoC/src/SoC.scala. Using presentation compiler with project's scala-library version: 3.3.4[0m
2024.10.31 21:16:02 INFO  no build target found for /home/wenjiu/ysyx-workbench/ysyxSoC/src/SoC.scala. Using presentation compiler with project's scala-library version: 3.3.4[0m
2024.10.31 21:16:02 INFO  no build target found for /home/wenjiu/ysyx-workbench/ysyxSoC/src/SoC.scala. Using presentation compiler with project's scala-library version: 3.3.4[0m
2024.10.31 21:16:02 INFO  no build target found for /home/wenjiu/ysyx-workbench/ysyxSoC/src/SoC.scala. Using presentation compiler with project's scala-library version: 3.3.4[0m
2024.10.31 21:16:02 INFO  no build target found for /home/wenjiu/ysyx-workbench/ysyxSoC/src/SoC.scala. Using presentation compiler with project's scala-library version: 3.3.4[0m
2024.10.31 21:16:02 INFO  no build target found for /home/wenjiu/ysyx-workbench/ysyxSoC/src/SoC.scala. Using presentation compiler with project's scala-library version: 3.3.4[0m
2024.10.31 21:16:02 INFO  no build target found for /home/wenjiu/ysyx-workbench/ysyxSoC/src/SoC.scala. Using presentation compiler with project's scala-library version: 3.3.4[0m
2024.10.31 21:16:02 INFO  no build target found for /home/wenjiu/ysyx-workbench/ysyxSoC/src/SoC.scala. Using presentation compiler with project's scala-library version: 3.3.4[0m
2024.10.31 21:16:02 INFO  no build target found for /home/wenjiu/ysyx-workbench/ysyxSoC/src/SoC.scala. Using presentation compiler with project's scala-library version: 3.3.4[0m
2024.10.31 21:16:02 INFO  no build target found for /home/wenjiu/ysyx-workbench/ysyxSoC/src/SoC.scala. Using presentation compiler with project's scala-library version: 3.3.4[0m
2024.10.31 21:16:03 INFO  no build target found for /home/wenjiu/ysyx-workbench/ysyxSoC/src/SoC.scala. Using presentation compiler with project's scala-library version: 3.3.4[0m
2024.10.31 21:16:03 INFO  no build target found for /home/wenjiu/ysyx-workbench/ysyxSoC/src/SoC.scala. Using presentation compiler with project's scala-library version: 3.3.4[0m
2024.10.31 21:16:03 INFO  no build target found for /home/wenjiu/ysyx-workbench/ysyxSoC/src/SoC.scala. Using presentation compiler with project's scala-library version: 3.3.4[0m
2024.10.31 21:16:03 INFO  no build target found for /home/wenjiu/ysyx-workbench/ysyxSoC/src/SoC.scala. Using presentation compiler with project's scala-library version: 3.3.4[0m
2024.10.31 21:16:03 INFO  no build target found for /home/wenjiu/ysyx-workbench/ysyxSoC/src/SoC.scala. Using presentation compiler with project's scala-library version: 3.3.4[0m
2024.10.31 21:16:03 INFO  no build target found for /home/wenjiu/ysyx-workbench/ysyxSoC/src/SoC.scala. Using presentation compiler with project's scala-library version: 3.3.4[0m
2024.10.31 21:16:05 INFO  no build target found for /home/wenjiu/ysyx-workbench/ysyxSoC/src/SoC.scala. Using presentation compiler with project's scala-library version: 3.3.4[0m
2024.10.31 21:16:05 INFO  no build target found for /home/wenjiu/ysyx-workbench/ysyxSoC/src/SoC.scala. Using presentation compiler with project's scala-library version: 3.3.4[0m
2024.10.31 21:16:07 INFO  no build target found for /home/wenjiu/ysyx-workbench/ysyxSoC/src/SoC.scala. Using presentation compiler with project's scala-library version: 3.3.4[0m
2024.10.31 21:16:07 INFO  no build target found for /home/wenjiu/ysyx-workbench/ysyxSoC/src/SoC.scala. Using presentation compiler with project's scala-library version: 3.3.4[0m
2024.10.31 21:16:08 INFO  no build target found for /home/wenjiu/ysyx-workbench/ysyxSoC/src/SoC.scala. Using presentation compiler with project's scala-library version: 3.3.4[0m
2024.10.31 21:16:08 INFO  no build target found for /home/wenjiu/ysyx-workbench/ysyxSoC/src/SoC.scala. Using presentation compiler with project's scala-library version: 3.3.4[0m
2024.10.31 21:16:08 INFO  no build target found for /home/wenjiu/ysyx-workbench/ysyxSoC/src/SoC.scala. Using presentation compiler with project's scala-library version: 3.3.4[0m
2024.10.31 21:16:08 INFO  no build target found for /home/wenjiu/ysyx-workbench/ysyxSoC/src/SoC.scala. Using presentation compiler with project's scala-library version: 3.3.4[0m
2024.10.31 21:16:14 INFO  running '/home/wenjiu/.local/bin/mill --import ivy:com.lihaoyi::mill-contrib-bloop: mill.contrib.bloop.Bloop/install'[0m
2024.10.31 21:16:17 INFO  Wrote /home/wenjiu/ysyx-workbench/ysyxSoC/.bloop/rocketchip.json[0m
2024.10.31 21:16:17 INFO  Wrote /home/wenjiu/ysyx-workbench/ysyxSoC/.bloop/rocketchip.cde.json[0m
2024.10.31 21:16:17 INFO  Wrote /home/wenjiu/ysyx-workbench/ysyxSoC/.bloop/rocketchip.diplomacy.json[0m
2024.10.31 21:16:17 INFO  Wrote /home/wenjiu/ysyx-workbench/ysyxSoC/.bloop/rocketchip.hardfloat.json[0m
2024.10.31 21:16:17 INFO  Wrote /home/wenjiu/ysyx-workbench/ysyxSoC/.bloop/rocketchip.macros.json[0m
2024.10.31 21:16:17 INFO  Wrote /home/wenjiu/ysyx-workbench/ysyxSoC/.bloop/ysyxsoc.json[0m
2024.10.31 21:16:17 INFO  Wrote /home/wenjiu/ysyx-workbench/ysyxSoC/.bloop/mill-build-.json[0m
2024.10.31 21:16:17 INFO  time: ran 'mill bloopInstall' in 3.81s[0m
2024.10.31 21:16:17 INFO  Attempting to connect to the build server...[0m
2024.10.31 21:16:17 INFO  Found a Bloop server running[0m
2024.10.31 21:16:17 INFO  tracing is disabled for protocol BSP, to enable tracing of incoming and outgoing JSON messages create an empty file at /home/wenjiu/ysyx-workbench/ysyxSoC/.metals/bsp.trace.json or /home/wenjiu/.cache/metals/bsp.trace.json[0m
2024.10.31 21:16:19 INFO  time: Connected to build server in 1.45s[0m
2024.10.31 21:16:19 INFO  Connected to Build server: Bloop v2.0.3[0m
2024.10.31 21:16:19 INFO  running doctor check[0m
2024.10.31 21:16:19 INFO  java targets: rocketchip.hardfloat, mill-build-, rocketchip.diplomacy, rocketchip.cde, ysyxsoc, rocketchip, rocketchip.macros[0m
2024.10.31 21:16:19 WARN  2.13.10 is no longer supported in the current Metals versions, using the last known supported version 1.3.3[0m
2024.10.31 21:16:21 WARN  Flyway upgrade recommended: H2 2.3.232 is newer than this version of Flyway and support has not been tested. The latest supported version of H2 is 2.2.224.[0m
2024.10.31 21:16:24 INFO  time: indexed workspace in 5.13s[0m
2024.10.31 21:16:24 INFO  compiling rocketchip.cde (1 scala source)[0m
2024.10.31 21:16:24 INFO  compiling rocketchip.macros (1 scala source)[0m
2024.10.31 21:16:24 INFO  compiling rocketchip.hardfloat (20 scala sources)[0m
2024.10.31 21:16:24 INFO  time: compiled rocketchip.macros in 0.84s[0m
2024.10.31 21:16:24 INFO  time: compiled rocketchip.cde in 0.84s[0m
2024.10.31 21:16:24 INFO  compiling rocketchip.diplomacy (36 scala sources)[0m
2024.10.31 21:16:28 INFO  time: compiled rocketchip.hardfloat in 3.73s[0m
2024.10.31 21:16:28 INFO  time: compiled rocketchip.diplomacy in 3.22s[0m
2024.10.31 21:16:28 INFO  compiling rocketchip (317 scala sources)[0m
2024.10.31 21:16:29 WARN  Could not find 'AXI4SlaveNode' using presentation compiler nor semanticdb. Trying to guess the definition using available information from local class context. [0m
2024.10.31 21:16:29 WARN  Could not find 'AXI4SlaveNode' using presentation compiler nor semanticdb. Trying to guess the definition using available information from local class context. [0m
2024.10.31 21:16:30 INFO  compiling rocketchip (317 scala sources)[0m
2024.10.31 21:16:33 WARN  Could not find 'ChipLinkParam' using presentation compiler nor semanticdb. Trying to guess the definition using available information from local class context. [0m
2024.10.31 21:16:33 WARN  Could not find 'CPU' using presentation compiler nor semanticdb. Trying to guess the definition using available information from local class context. [0m
2024.10.31 21:16:33 WARN  Could not find 'CPU' using presentation compiler nor semanticdb. Trying to guess the definition using available information from local class context. [0m
2024.10.31 21:16:34 WARN  Could not find 'CPU' using presentation compiler nor semanticdb. Trying to guess the definition using available information from local class context. [0m
2024.10.31 21:16:57 WARN  8 deprecations[0m
2024.10.31 21:16:57 WARN  78 deprecations (since 2.13.0)[0m
2024.10.31 21:16:57 WARN  1 deprecation (since 2.13.7)[0m
2024.10.31 21:16:57 WARN  27 deprecations (since CDE 0.1)[0m
2024.10.31 21:16:57 WARN  10 deprecations (since diplomacy 1.0.0)[0m
2024.10.31 21:16:57 WARN  36 deprecations (since rocketchip 2.0.0)[0m
2024.10.31 21:16:57 WARN  160 deprecations in total; re-run with -deprecation for details[0m
2024.10.31 21:16:57 WARN  20 feature warnings; re-run with -feature for details[0m
2024.10.31 21:16:57 INFO  compiling ysyxsoc (36 scala sources)[0m
2024.10.31 21:16:57 INFO  time: compiled rocketchip in 30s[0m
2024.10.31 21:16:57 WARN  8 deprecations[0m
2024.10.31 21:16:57 WARN  78 deprecations (since 2.13.0)[0m
2024.10.31 21:16:57 WARN  1 deprecation (since 2.13.7)[0m
2024.10.31 21:16:57 WARN  27 deprecations (since CDE 0.1)[0m
2024.10.31 21:16:57 WARN  10 deprecations (since diplomacy 1.0.0)[0m
2024.10.31 21:16:57 WARN  36 deprecations (since rocketchip 2.0.0)[0m
2024.10.31 21:16:57 WARN  160 deprecations in total; re-run with -deprecation for details[0m
2024.10.31 21:16:57 WARN  20 feature warnings; re-run with -feature for details[0m
2024.10.31 21:17:01 WARN  1 deprecation (since 2.13.0)[0m
2024.10.31 21:17:01 WARN  1 deprecation (since 2.13.3)[0m
2024.10.31 21:17:01 WARN  102 deprecations (since rocketchip 2.0.0)[0m
2024.10.31 21:17:01 WARN  104 deprecations in total; re-run with -deprecation for details[0m
2024.10.31 21:17:01 INFO  time: compiled ysyxsoc in 3.63s[0m
Nov 01, 2024 12:09:02 AM org.eclipse.lsp4j.jsonrpc.services.GenericEndpoint notify
INFO: Unsupported notification method: $/setTrace
